Using pre-set license
Built from '2020.3/staging' branch; Version is '2020.3.6f1 (338bb68529b2) revision 3378102'; Using compiler version '192528614'; Build Type 'Release'
OS: 'Windows 10 Pro; OS build 19041.1083; Version 2004; 64bit' Language: 'en' Physical Memory: 16306 MB
BatchMode: 1, IsHumanControllingUs: 0, StartBugReporterOnCrash: 0, Is64bit: 1, IsPro: 0

 COMMAND LINE ARGUMENTS:
Z:\Program Files\Unity Editors\2020.3.6f1\Editor\Unity.exe
-adb2
-batchMode
-noUpm
-name
AssetImportWorker0
-projectPath
Z:/Unity Projects/Galaxy Blaster Z
-logFile
Logs/AssetImportWorker0.log
-srvPort
64440
Successfully changed project path to: Z:/Unity Projects/Galaxy Blaster Z
Z:/Unity Projects/Galaxy Blaster Z
Using Asset Import Pipeline V2.
Refreshing native plugins compatible for Editor in 20.68 ms, found 0 plugins.
Preloading 0 native plugins for Editor in 0.00 ms.
Initialize engine version: 2020.3.6f1 (338bb68529b2)
[Subsystems] Discovering subsystems at path Z:/Program Files/Unity Editors/2020.3.6f1/Editor/Data/Resources/UnitySubsystems
[Subsystems] Discovering subsystems at path Z:/Unity Projects/Galaxy Blaster Z/Assets
GfxDevice: creating device client; threaded=0
Direct3D:
    Version:  Direct3D 11.0 [level 11.1]
    Renderer: NVIDIA GeForce GTX 980 Ti (ID=0x17c8)
    Vendor:   
    VRAM:     6097 MB
    Driver:   27.21.14.6589
Initialize mono
Mono path[0] = 'Z:/Program Files/Unity Editors/2020.3.6f1/Editor/Data/Managed'
Mono path[1] = 'Z:/Program Files/Unity Editors/2020.3.6f1/Editor/Data/MonoBleedingEdge/lib/mono/unityjit'
Mono config path = 'Z:/Program Files/Unity Editors/2020.3.6f1/Editor/Data/MonoBleedingEdge/etc'
Using monoOptions --debugger-agent=transport=dt_socket,embedding=1,server=y,suspend=n,address=127.0.0.1:56200
Begin MonoManager ReloadAssembly
Registering precompiled unity dll's ...
Register platform support module: Z:/Program Files/Unity Editors/2020.3.6f1/Editor/Data/PlaybackEngines/WebGLSupport/UnityEditor.WebGL.Extensions.dll
Register platform support module: Z:/Program Files/Unity Editors/2020.3.6f1/Editor/Data/PlaybackEngines/WindowsStandaloneSupport/UnityEditor.WindowsStandalone.Extensions.dll
Registered in 0.001397 seconds.
Native extension for WindowsStandalone target not found
Native extension for WebGL target not found
Refreshing native plugins compatible for Editor in 20.19 ms, found 0 plugins.
Preloading 0 native plugins for Editor in 0.00 ms.
Mono: successfully reloaded assembly
- Completed reload, in  1.777 seconds
Platform modules already initialized, skipping
Registering precompiled user dll's ...
Registered in 0.001512 seconds.
Begin MonoManager ReloadAssembly
Native extension for WindowsStandalone target not found
Native extension for WebGL target not found
Refreshing native plugins compatible for Editor in 0.20 ms, found 0 plugins.
Preloading 0 native plugins for Editor in 0.00 ms.
Mono: successfully reloaded assembly
- Completed reload, in  0.726 seconds
Platform modules already initialized, skipping
========================================================================
Worker process is ready to serve import requests
Launched and connected shader compiler UnityShaderCompiler.exe after 0.06 seconds
Refreshing native plugins compatible for Editor in 0.18 ms, found 0 plugins.
Preloading 0 native plugins for Editor in 0.00 ms.
Unloading 1117 Unused Serialized files (Serialized files now loaded: 0)
System memory in use before: 57.2 MB.
System memory in use after: 57.3 MB.

Unloading 12 unused Assets to reduce memory usage. Loaded Objects now: 1559.
Total: 1.473500 ms (FindLiveObjects: 0.115100 ms CreateObjectMapping: 0.034100 ms MarkObjects: 1.250100 ms  DeleteObjects: 0.073400 ms)

========================================================================
Received Import Request.
  path: Assets/Scenes
  artifactKey: Guid(07a5c38120022f74086b856e2376fafa) Importer(815301076,1909f56bfc062723c751e8b465ee728b)
Start importing Assets/Scenes using Guid(07a5c38120022f74086b856e2376fafa) Importer(815301076,1909f56bfc062723c751e8b465ee728b)  -> (artifact id: '3dfac088a785de27002a813d3da978b4') in 0.004117 seconds
  Import took 0.005695 seconds .

========================================================================
Received Import Request.
  Time since last request: 3.120412 seconds.
  path: Assets/GameDevHQ
  artifactKey: Guid(045a538d09c31434b9a1f938efd3f378) Importer(815301076,1909f56bfc062723c751e8b465ee728b)
Start importing Assets/GameDevHQ using Guid(045a538d09c31434b9a1f938efd3f378) Importer(815301076,1909f56bfc062723c751e8b465ee728b)  -> (artifact id: 'f807291fc94092269e933e13e1f508cf') in 0.003144 seconds
  Import took 0.006940 seconds .

========================================================================
Received Prepare
Registering precompiled user dll's ...
Registered in 0.002114 seconds.
Begin MonoManager ReloadAssembly
Native extension for WindowsStandalone target not found
Native extension for WebGL target not found
Refreshing native plugins compatible for Editor in 0.24 ms, found 0 plugins.
Preloading 0 native plugins for Editor in 0.00 ms.
Mono: successfully reloaded assembly
- Completed reload, in  0.824 seconds
Platform modules already initialized, skipping
Refreshing native plugins compatible for Editor in 0.22 ms, found 0 plugins.
Preloading 0 native plugins for Editor in 0.00 ms.
Unloading 1113 Unused Serialized files (Serialized files now loaded: 0)
System memory in use before: 57.2 MB.
System memory in use after: 57.2 MB.

Unloading 7 unused Assets to reduce memory usage. Loaded Objects now: 1563.
Total: 1.487700 ms (FindLiveObjects: 0.127100 ms CreateObjectMapping: 0.033200 ms MarkObjects: 1.273700 ms  DeleteObjects: 0.052200 ms)

AssetImportWorkerClient::OnTransportError - code=2 error=End of file
