Using pre-set license
Built from '2020.3/staging' branch; Version is '2020.3.6f1 (338bb68529b2) revision 3378102'; Using compiler version '192528614'; Build Type 'Release'
OS: 'Windows 10 Pro; OS build 19043.1110; Version 2009; 64bit' Language: 'en' Physical Memory: 16306 MB
BatchMode: 1, IsHumanControllingUs: 0, StartBugReporterOnCrash: 0, Is64bit: 1, IsPro: 0

 COMMAND LINE ARGUMENTS:
Z:\Program Files\Unity Editors\2020.3.6f1\Editor\Unity.exe
-adb2
-batchMode
-noUpm
-name
AssetImportWorker1
-projectPath
Z:/Unity Projects/Galaxy-Blaster-Z
-logFile
Logs/AssetImportWorker1.log
-srvPort
54251
Successfully changed project path to: Z:/Unity Projects/Galaxy-Blaster-Z
Z:/Unity Projects/Galaxy-Blaster-Z
Using Asset Import Pipeline V2.
Refreshing native plugins compatible for Editor in 46.09 ms, found 0 plugins.
Preloading 0 native plugins for Editor in 0.00 ms.
Initialize engine version: 2020.3.6f1 (338bb68529b2)
[Subsystems] Discovering subsystems at path Z:/Program Files/Unity Editors/2020.3.6f1/Editor/Data/Resources/UnitySubsystems
[Subsystems] Discovering subsystems at path Z:/Unity Projects/Galaxy-Blaster-Z/Assets
GfxDevice: creating device client; threaded=0
Direct3D:
    Version:  Direct3D 11.0 [level 11.1]
    Renderer: NVIDIA GeForce GTX 980 Ti (ID=0x17c8)
    Vendor:   
    VRAM:     6097 MB
    Driver:   27.21.14.6589
Initialize mono
Mono path[0] = 'Z:/Program Files/Unity Editors/2020.3.6f1/Editor/Data/Managed'
Mono path[1] = 'Z:/Program Files/Unity Editors/2020.3.6f1/Editor/Data/MonoBleedingEdge/lib/mono/unityjit'
Mono config path = 'Z:/Program Files/Unity Editors/2020.3.6f1/Editor/Data/MonoBleedingEdge/etc'
Using monoOptions --debugger-agent=transport=dt_socket,embedding=1,server=y,suspend=n,address=127.0.0.1:56116
Begin MonoManager ReloadAssembly
Registering precompiled unity dll's ...
Register platform support module: Z:/Program Files/Unity Editors/2020.3.6f1/Editor/Data/PlaybackEngines/WebGLSupport/UnityEditor.WebGL.Extensions.dll
Register platform support module: Z:/Program Files/Unity Editors/2020.3.6f1/Editor/Data/PlaybackEngines/WindowsStandaloneSupport/UnityEditor.WindowsStandalone.Extensions.dll
Registered in 0.001362 seconds.
Native extension for WindowsStandalone target not found
Native extension for WebGL target not found
Refreshing native plugins compatible for Editor in 52.64 ms, found 0 plugins.
Preloading 0 native plugins for Editor in 0.00 ms.
Mono: successfully reloaded assembly
- Completed reload, in  1.790 seconds
Platform modules already initialized, skipping
Registering precompiled user dll's ...
Registered in 0.001535 seconds.
Begin MonoManager ReloadAssembly
Native extension for WindowsStandalone target not found
Native extension for WebGL target not found
Refreshing native plugins compatible for Editor in 49.22 ms, found 0 plugins.
Preloading 0 native plugins for Editor in 0.00 ms.
Mono: successfully reloaded assembly
- Completed reload, in  0.913 seconds
Platform modules already initialized, skipping
========================================================================
Worker process is ready to serve import requests
Launched and connected shader compiler UnityShaderCompiler.exe after 0.06 seconds
Refreshing native plugins compatible for Editor in 0.46 ms, found 0 plugins.
Preloading 0 native plugins for Editor in 0.00 ms.
Unloading 1486 Unused Serialized files (Serialized files now loaded: 0)
System memory in use before: 145.6 MB.
System memory in use after: 145.7 MB.

Unloading 14 unused Assets to reduce memory usage. Loaded Objects now: 1936.
Total: 1.928300 ms (FindLiveObjects: 0.147400 ms CreateObjectMapping: 0.160100 ms MarkObjects: 1.539400 ms  DeleteObjects: 0.080600 ms)

========================================================================
Received Import Request.
  path: Assets/Prefabs/Player.prefab
  artifactKey: Guid(7621a80d1ca33714fad99b56670e0c22) Importer(815301076,1909f56bfc062723c751e8b465ee728b)
Start importing Assets/Prefabs/Player.prefab using Guid(7621a80d1ca33714fad99b56670e0c22) Importer(815301076,1909f56bfc062723c751e8b465ee728b)  -> (artifact id: '202781f2ba09a5ede033f9d333889969') in 0.233504 seconds
  Import took 0.239868 seconds .

========================================================================
Received Import Request.
  Time since last request: 10.798927 seconds.
  path: Assets/Prefabs/Main Camera.prefab
  artifactKey: Guid(5ad5fe3daf8615f46aab4467795f4d27) Importer(815301076,1909f56bfc062723c751e8b465ee728b)
Start importing Assets/Prefabs/Main Camera.prefab using Guid(5ad5fe3daf8615f46aab4467795f4d27) Importer(815301076,1909f56bfc062723c751e8b465ee728b)  -> (artifact id: '742c505bca3fa2b5862c4fdfd3cbe0c3') in 0.006528 seconds
  Import took 0.009007 seconds .

========================================================================
Received Import Request.
  Time since last request: 0.008025 seconds.
  path: Assets/Prefabs/Main Camera.prefab
  artifactKey: Guid(5ad5fe3daf8615f46aab4467795f4d27) Importer(815301076,1909f56bfc062723c751e8b465ee728b)
Start importing Assets/Prefabs/Main Camera.prefab using Guid(5ad5fe3daf8615f46aab4467795f4d27) Importer(815301076,1909f56bfc062723c751e8b465ee728b)  -> (artifact id: '742c505bca3fa2b5862c4fdfd3cbe0c3') in 0.004566 seconds
  Import took 0.007124 seconds .

========================================================================
Received Import Request.
  Time since last request: 18.083480 seconds.
  path: Assets/Prefabs/Player.prefab
  artifactKey: Guid(7621a80d1ca33714fad99b56670e0c22) Importer(815301076,1909f56bfc062723c751e8b465ee728b)
Start importing Assets/Prefabs/Player.prefab using Guid(7621a80d1ca33714fad99b56670e0c22) Importer(815301076,1909f56bfc062723c751e8b465ee728b)  -> (artifact id: 'fda57d574ce3fe144e3ec2a276058b7f') in 0.076935 seconds
  Import took 0.086651 seconds .

========================================================================
Received Prepare
Registering precompiled user dll's ...
Registered in 0.001552 seconds.
Begin MonoManager ReloadAssembly
Native extension for WindowsStandalone target not found
Native extension for WebGL target not found
Refreshing native plugins compatible for Editor in 0.46 ms, found 0 plugins.
Preloading 0 native plugins for Editor in 0.00 ms.
Mono: successfully reloaded assembly
- Completed reload, in  0.782 seconds
Platform modules already initialized, skipping
Refreshing native plugins compatible for Editor in 0.46 ms, found 0 plugins.
Preloading 0 native plugins for Editor in 0.00 ms.
Unloading 1467 Unused Serialized files (Serialized files now loaded: 0)
System memory in use before: 147.6 MB.
System memory in use after: 147.7 MB.

Unloading 7 unused Assets to reduce memory usage. Loaded Objects now: 1947.
Total: 1.814100 ms (FindLiveObjects: 0.139100 ms CreateObjectMapping: 0.043200 ms MarkObjects: 1.552300 ms  DeleteObjects: 0.078600 ms)

========================================================================
Received Prepare
Registering precompiled user dll's ...
Registered in 0.002083 seconds.
Begin MonoManager ReloadAssembly
Native extension for WindowsStandalone target not found
Native extension for WebGL target not found
Refreshing native plugins compatible for Editor in 0.44 ms, found 0 plugins.
Preloading 0 native plugins for Editor in 0.00 ms.
Mono: successfully reloaded assembly
- Completed reload, in  0.745 seconds
Platform modules already initialized, skipping
Refreshing native plugins compatible for Editor in 0.50 ms, found 0 plugins.
Preloading 0 native plugins for Editor in 0.00 ms.
Unloading 1467 Unused Serialized files (Serialized files now loaded: 0)
System memory in use before: 147.7 MB.
System memory in use after: 147.7 MB.

Unloading 7 unused Assets to reduce memory usage. Loaded Objects now: 1950.
Total: 1.644400 ms (FindLiveObjects: 0.141900 ms CreateObjectMapping: 0.038700 ms MarkObjects: 1.412600 ms  DeleteObjects: 0.050100 ms)

========================================================================
Received Import Request.
  Time since last request: 371.601671 seconds.
  path: Assets/Audio/01. Cyberjazz Nights.mp3
  artifactKey: Guid(dc67b74af23e45d4288c95ce26db8040) Importer(815301076,1909f56bfc062723c751e8b465ee728b)
Start importing Assets/Audio/01. Cyberjazz Nights.mp3 using Guid(dc67b74af23e45d4288c95ce26db8040) Importer(815301076,1909f56bfc062723c751e8b465ee728b)  -> (artifact id: '0ab552d4ed14808ac404b856cf6f4a6b') in 0.108147 seconds
  Import took 0.110917 seconds .

========================================================================
Received Import Request.
  Time since last request: 60.414397 seconds.
  path: Assets/Audio/02. Neon Trip.mp3
  artifactKey: Guid(446bd5e7d7a76c845aa0318ce7d9c7bf) Importer(815301076,1909f56bfc062723c751e8b465ee728b)
Start importing Assets/Audio/02. Neon Trip.mp3 using Guid(446bd5e7d7a76c845aa0318ce7d9c7bf) Importer(815301076,1909f56bfc062723c751e8b465ee728b)  -> (artifact id: '630db7e5121d9822fa3554bc5db74285') in 0.011834 seconds
  Import took 0.014168 seconds .

========================================================================
Received Import Request.
  Time since last request: 39.158850 seconds.
  path: Assets/Audio/03. Cry No More.mp3
  artifactKey: Guid(dc5635e96aa127e4db23af64606f3a7c) Importer(815301076,1909f56bfc062723c751e8b465ee728b)
Start importing Assets/Audio/03. Cry No More.mp3 using Guid(dc5635e96aa127e4db23af64606f3a7c) Importer(815301076,1909f56bfc062723c751e8b465ee728b)  -> (artifact id: '58b902a56c855141ac6c52cc87c16eb5') in 0.009835 seconds
  Import took 0.012931 seconds .

========================================================================
Received Import Request.
  Time since last request: 26.772416 seconds.
  path: Assets/Audio/04. Hacker Duels.mp3
  artifactKey: Guid(d95d48598a19b7b4b9e956c546b41da0) Importer(815301076,1909f56bfc062723c751e8b465ee728b)
Start importing Assets/Audio/04. Hacker Duels.mp3 using Guid(d95d48598a19b7b4b9e956c546b41da0) Importer(815301076,1909f56bfc062723c751e8b465ee728b)  -> (artifact id: '40ccfa384c96ed8e4e3a2a05fbd6570f') in 0.013273 seconds
  Import took 0.015895 seconds .

========================================================================
Received Import Request.
  Time since last request: 0.000713 seconds.
  path: Assets/Audio/04. Hacker Duels.mp3
  artifactKey: Guid(d95d48598a19b7b4b9e956c546b41da0) Importer(815301076,1909f56bfc062723c751e8b465ee728b)
Start importing Assets/Audio/04. Hacker Duels.mp3 using Guid(d95d48598a19b7b4b9e956c546b41da0) Importer(815301076,1909f56bfc062723c751e8b465ee728b)  -> (artifact id: '40ccfa384c96ed8e4e3a2a05fbd6570f') in 0.019238 seconds
  Import took 0.021497 seconds .

========================================================================
Received Import Request.
  Time since last request: 85.923703 seconds.
  path: Assets/Audio/07. Lone Wolf.mp3
  artifactKey: Guid(5572970a9240c8a49992390139f62f6f) Importer(815301076,1909f56bfc062723c751e8b465ee728b)
Start importing Assets/Audio/07. Lone Wolf.mp3 using Guid(5572970a9240c8a49992390139f62f6f) Importer(815301076,1909f56bfc062723c751e8b465ee728b)  -> (artifact id: 'bfe7730bbf818892b256b419a2f5eaff') in 0.012442 seconds
  Import took 0.014983 seconds .

========================================================================
Received Import Request.
  Time since last request: 2.049724 seconds.
  path: Assets/Audio/Cry No More - (A) MELODY LOOP.mp3
  artifactKey: Guid(cd0553abc82412a4282f092544c2c43d) Importer(815301076,1909f56bfc062723c751e8b465ee728b)
Start importing Assets/Audio/Cry No More - (A) MELODY LOOP.mp3 using Guid(cd0553abc82412a4282f092544c2c43d) Importer(815301076,1909f56bfc062723c751e8b465ee728b)  -> (artifact id: 'd9f952db01cceb100d48dd1c914d0b44') in 0.009036 seconds
  Import took 0.012878 seconds .

========================================================================
Received Prepare
Registering precompiled user dll's ...
Registered in 0.001999 seconds.
Begin MonoManager ReloadAssembly
Native extension for WindowsStandalone target not found
Native extension for WebGL target not found
Refreshing native plugins compatible for Editor in 0.44 ms, found 0 plugins.
Preloading 0 native plugins for Editor in 0.00 ms.
Mono: successfully reloaded assembly
- Completed reload, in  0.810 seconds
Platform modules already initialized, skipping
Refreshing native plugins compatible for Editor in 0.43 ms, found 0 plugins.
Preloading 0 native plugins for Editor in 0.00 ms.
Unloading 1467 Unused Serialized files (Serialized files now loaded: 0)
System memory in use before: 147.7 MB.
System memory in use after: 147.8 MB.

Unloading 7 unused Assets to reduce memory usage. Loaded Objects now: 1956.
Total: 1.693000 ms (FindLiveObjects: 0.122100 ms CreateObjectMapping: 0.037900 ms MarkObjects: 1.484000 ms  DeleteObjects: 0.048100 ms)

========================================================================
Received Prepare
Registering precompiled user dll's ...
Registered in 0.001901 seconds.
Begin MonoManager ReloadAssembly
Native extension for WindowsStandalone target not found
Native extension for WebGL target not found
Refreshing native plugins compatible for Editor in 0.49 ms, found 0 plugins.
Preloading 0 native plugins for Editor in 0.00 ms.
Mono: successfully reloaded assembly
- Completed reload, in  0.824 seconds
Platform modules already initialized, skipping
Refreshing native plugins compatible for Editor in 0.65 ms, found 0 plugins.
Preloading 0 native plugins for Editor in 0.00 ms.
Unloading 1467 Unused Serialized files (Serialized files now loaded: 0)
System memory in use before: 147.8 MB.
System memory in use after: 147.8 MB.

Unloading 7 unused Assets to reduce memory usage. Loaded Objects now: 1959.
Total: 2.163400 ms (FindLiveObjects: 0.140300 ms CreateObjectMapping: 0.039800 ms MarkObjects: 1.928200 ms  DeleteObjects: 0.053800 ms)

========================================================================
Received Prepare
Registering precompiled user dll's ...
Registered in 0.001952 seconds.
Begin MonoManager ReloadAssembly
Native extension for WindowsStandalone target not found
Native extension for WebGL target not found
Refreshing native plugins compatible for Editor in 0.45 ms, found 0 plugins.
Preloading 0 native plugins for Editor in 0.00 ms.
Mono: successfully reloaded assembly
- Completed reload, in  0.827 seconds
Platform modules already initialized, skipping
Refreshing native plugins compatible for Editor in 0.44 ms, found 0 plugins.
Preloading 0 native plugins for Editor in 0.00 ms.
Unloading 1467 Unused Serialized files (Serialized files now loaded: 0)
System memory in use before: 147.8 MB.
System memory in use after: 147.8 MB.

Unloading 7 unused Assets to reduce memory usage. Loaded Objects now: 1962.
Total: 1.745900 ms (FindLiveObjects: 0.140600 ms CreateObjectMapping: 0.047400 ms MarkObjects: 1.506500 ms  DeleteObjects: 0.050600 ms)

========================================================================
Received Import Request.
  Time since last request: 337.433626 seconds.
  path: Assets/Audio/05. I Never Gave Up.mp3
  artifactKey: Guid(9677c88bc10d3cd4d8631101c2a61184) Importer(815301076,1909f56bfc062723c751e8b465ee728b)
Start importing Assets/Audio/05. I Never Gave Up.mp3 using Guid(9677c88bc10d3cd4d8631101c2a61184) Importer(815301076,1909f56bfc062723c751e8b465ee728b)  -> (artifact id: '09e2217eefde6c38b6c2e4e7997510b6') in 0.051798 seconds
  Import took 0.054476 seconds .

========================================================================
Received Import Request.
  Time since last request: 6.067741 seconds.
  path: Assets/Audio/06. Noir Blvd.mp3
  artifactKey: Guid(b2f5f12a8a8e6484982a8e4eb63e963b) Importer(815301076,1909f56bfc062723c751e8b465ee728b)
Start importing Assets/Audio/06. Noir Blvd.mp3 using Guid(b2f5f12a8a8e6484982a8e4eb63e963b) Importer(815301076,1909f56bfc062723c751e8b465ee728b)  -> (artifact id: '2e2176b29005009588add07d8e53185b') in 0.010657 seconds
  Import took 0.013917 seconds .

========================================================================
Received Prepare
Registering precompiled user dll's ...
Registered in 0.003421 seconds.
Begin MonoManager ReloadAssembly
Native extension for WindowsStandalone target not found
Native extension for WebGL target not found
Refreshing native plugins compatible for Editor in 0.44 ms, found 0 plugins.
Preloading 0 native plugins for Editor in 0.00 ms.
Mono: successfully reloaded assembly
- Completed reload, in  0.782 seconds
Platform modules already initialized, skipping
Refreshing native plugins compatible for Editor in 0.50 ms, found 0 plugins.
Preloading 0 native plugins for Editor in 0.00 ms.
Unloading 1467 Unused Serialized files (Serialized files now loaded: 0)
System memory in use before: 147.8 MB.
System memory in use after: 147.9 MB.

Unloading 7 unused Assets to reduce memory usage. Loaded Objects now: 1966.
Total: 1.674600 ms (FindLiveObjects: 0.142800 ms CreateObjectMapping: 0.043700 ms MarkObjects: 1.433100 ms  DeleteObjects: 0.053800 ms)

========================================================================
Received Prepare
Registering precompiled user dll's ...
Registered in 0.002299 seconds.
Begin MonoManager ReloadAssembly
Native extension for WindowsStandalone target not found
Native extension for WebGL target not found
Refreshing native plugins compatible for Editor in 0.50 ms, found 0 plugins.
Preloading 0 native plugins for Editor in 0.00 ms.
Mono: successfully reloaded assembly
- Completed reload, in  0.742 seconds
Platform modules already initialized, skipping
Refreshing native plugins compatible for Editor in 0.44 ms, found 0 plugins.
Preloading 0 native plugins for Editor in 0.00 ms.
Unloading 1467 Unused Serialized files (Serialized files now loaded: 0)
System memory in use before: 147.8 MB.
System memory in use after: 147.9 MB.

Unloading 7 unused Assets to reduce memory usage. Loaded Objects now: 1969.
Total: 1.829700 ms (FindLiveObjects: 0.152800 ms CreateObjectMapping: 0.044500 ms MarkObjects: 1.541500 ms  DeleteObjects: 0.089500 ms)

========================================================================
Received Prepare
Registering precompiled user dll's ...
Registered in 0.004613 seconds.
Begin MonoManager ReloadAssembly
Native extension for WindowsStandalone target not found
Native extension for WebGL target not found
Refreshing native plugins compatible for Editor in 0.48 ms, found 0 plugins.
Preloading 0 native plugins for Editor in 0.00 ms.
[ScriptCompilation] NOT recompiling all scripts because this is an import worker process. Reason to compile was: Define symbols changed
Mono: successfully reloaded assembly
- Completed reload, in  0.836 seconds
Platform modules already initialized, skipping
Refreshing native plugins compatible for Editor in 0.51 ms, found 0 plugins.
Preloading 0 native plugins for Editor in 0.00 ms.
Unloading 1587 Unused Serialized files (Serialized files now loaded: 0)
System memory in use before: 157.3 MB.
System memory in use after: 155.3 MB.

Unloading 34 unused Assets to reduce memory usage. Loaded Objects now: 2065.
Total: 2.302200 ms (FindLiveObjects: 0.143300 ms CreateObjectMapping: 0.044800 ms MarkObjects: 1.563300 ms  DeleteObjects: 0.549900 ms)

========================================================================
Received Import Request.
  Time since last request: 874.325832 seconds.
  path: ProjectSettings/TagManager.asset
  artifactKey: Guid(00000000000000003000000000000000) Importer(815301076,1909f56bfc062723c751e8b465ee728b)
Start importing ProjectSettings/TagManager.asset using Guid(00000000000000003000000000000000) Importer(815301076,1909f56bfc062723c751e8b465ee728b)  -> (artifact id: '7c5d4ca9b080cf396e449cd5707deefb') in 0.016319 seconds
  Import took 0.020178 seconds .

========================================================================
Received Import Request.
  Time since last request: 0.002889 seconds.
  path: ProjectSettings/TagManager.asset
  artifactKey: Guid(00000000000000003000000000000000) Importer(815301076,1909f56bfc062723c751e8b465ee728b)
Start importing ProjectSettings/TagManager.asset using Guid(00000000000000003000000000000000) Importer(815301076,1909f56bfc062723c751e8b465ee728b)  -> (artifact id: '7c5d4ca9b080cf396e449cd5707deefb') in 0.006782 seconds
  Import took 0.009330 seconds .

========================================================================
Received Prepare
Refreshing native plugins compatible for Editor in 1.47 ms, found 0 plugins.
Preloading 0 native plugins for Editor in 0.00 ms.
Unloading 32 Unused Serialized files (Serialized files now loaded: 0)
System memory in use before: 126.5 MB.
System memory in use after: 124.5 MB.

Unloading 34 unused Assets to reduce memory usage. Loaded Objects now: 2065.
Total: 3.973300 ms (FindLiveObjects: 0.287200 ms CreateObjectMapping: 0.166400 ms MarkObjects: 2.903100 ms  DeleteObjects: 0.614800 ms)

AssetImportParameters requested are different than current active one (requested -> active):
  colorSpace: 1 -> 0
========================================================================
Received Prepare
Registering precompiled user dll's ...
Registered in 0.001628 seconds.
Begin MonoManager ReloadAssembly
Native extension for WindowsStandalone target not found
Native extension for WebGL target not found
Refreshing native plugins compatible for Editor in 0.48 ms, found 0 plugins.
Preloading 0 native plugins for Editor in 0.00 ms.
Mono: successfully reloaded assembly
- Completed reload, in  0.867 seconds
Platform modules already initialized, skipping
Refreshing native plugins compatible for Editor in 0.48 ms, found 0 plugins.
Preloading 0 native plugins for Editor in 0.00 ms.
Unloading 1587 Unused Serialized files (Serialized files now loaded: 0)
System memory in use before: 157.3 MB.
System memory in use after: 155.3 MB.

Unloading 34 unused Assets to reduce memory usage. Loaded Objects now: 2068.
Total: 8.122400 ms (FindLiveObjects: 0.245000 ms CreateObjectMapping: 0.066400 ms MarkObjects: 7.186800 ms  DeleteObjects: 0.622900 ms)

AssetImportParameters requested are different than current active one (requested -> active):
  colorSpace: 1 -> 0
========================================================================
Received Prepare
Registering precompiled user dll's ...
Registered in 0.001979 seconds.
Begin MonoManager ReloadAssembly
Native extension for WindowsStandalone target not found
Native extension for WebGL target not found
Refreshing native plugins compatible for Editor in 0.93 ms, found 0 plugins.
Preloading 0 native plugins for Editor in 0.00 ms.
Mono: successfully reloaded assembly
- Completed reload, in  0.776 seconds
Platform modules already initialized, skipping
Refreshing native plugins compatible for Editor in 0.57 ms, found 0 plugins.
Preloading 0 native plugins for Editor in 0.00 ms.
Unloading 1587 Unused Serialized files (Serialized files now loaded: 0)
System memory in use before: 157.3 MB.
System memory in use after: 155.3 MB.

Unloading 34 unused Assets to reduce memory usage. Loaded Objects now: 2071.
Total: 2.927800 ms (FindLiveObjects: 0.137200 ms CreateObjectMapping: 0.043800 ms MarkObjects: 1.605700 ms  DeleteObjects: 1.140100 ms)

AssetImportParameters requested are different than current active one (requested -> active):
  colorSpace: 1 -> 0
========================================================================
Received Prepare
Registering precompiled user dll's ...
Registered in 0.001788 seconds.
Begin MonoManager ReloadAssembly
Native extension for WindowsStandalone target not found
Native extension for WebGL target not found
Refreshing native plugins compatible for Editor in 0.51 ms, found 0 plugins.
Preloading 0 native plugins for Editor in 0.00 ms.
Mono: successfully reloaded assembly
- Completed reload, in  0.757 seconds
Platform modules already initialized, skipping
Refreshing native plugins compatible for Editor in 0.48 ms, found 0 plugins.
Preloading 0 native plugins for Editor in 0.00 ms.
Unloading 1587 Unused Serialized files (Serialized files now loaded: 0)
System memory in use before: 157.3 MB.
System memory in use after: 155.3 MB.

Unloading 34 unused Assets to reduce memory usage. Loaded Objects now: 2074.
Total: 2.360100 ms (FindLiveObjects: 0.147600 ms CreateObjectMapping: 0.046300 ms MarkObjects: 1.585000 ms  DeleteObjects: 0.579400 ms)

AssetImportParameters requested are different than current active one (requested -> active):
  colorSpace: 1 -> 0
========================================================================
Received Prepare
Registering precompiled user dll's ...
Registered in 0.001855 seconds.
Begin MonoManager ReloadAssembly
Native extension for WindowsStandalone target not found
Native extension for WebGL target not found
Refreshing native plugins compatible for Editor in 0.49 ms, found 0 plugins.
Preloading 0 native plugins for Editor in 0.00 ms.
Mono: successfully reloaded assembly
- Completed reload, in  0.813 seconds
Platform modules already initialized, skipping
Refreshing native plugins compatible for Editor in 0.50 ms, found 0 plugins.
Preloading 0 native plugins for Editor in 0.00 ms.
Unloading 1587 Unused Serialized files (Serialized files now loaded: 0)
System memory in use before: 157.3 MB.
System memory in use after: 155.3 MB.

Unloading 34 unused Assets to reduce memory usage. Loaded Objects now: 2077.
Total: 2.368200 ms (FindLiveObjects: 0.140700 ms CreateObjectMapping: 0.043800 ms MarkObjects: 1.566800 ms  DeleteObjects: 0.615800 ms)

AssetImportParameters requested are different than current active one (requested -> active):
  colorSpace: 1 -> 0
========================================================================
Received Import Request.
  Time since last request: 931.237433 seconds.
  path: Assets/Audio/08. U Never Had To Exist.mp3
  artifactKey: Guid(cc9b18aa78f79aa449156e3ae1d98e17) Importer(815301076,1909f56bfc062723c751e8b465ee728b)
Start importing Assets/Audio/08. U Never Had To Exist.mp3 using Guid(cc9b18aa78f79aa449156e3ae1d98e17) Importer(815301076,1909f56bfc062723c751e8b465ee728b)  -> (artifact id: '7d554300c7a12a686a948bf179f8ed1f') in 0.049340 seconds
  Import took 0.052093 seconds .

========================================================================
Received Import Request.
  Time since last request: 0.001466 seconds.
  path: Assets/Audio/08. U Never Had To Exist.mp3
  artifactKey: Guid(cc9b18aa78f79aa449156e3ae1d98e17) Importer(815301076,1909f56bfc062723c751e8b465ee728b)
Start importing Assets/Audio/08. U Never Had To Exist.mp3 using Guid(cc9b18aa78f79aa449156e3ae1d98e17) Importer(815301076,1909f56bfc062723c751e8b465ee728b)  -> (artifact id: '7d554300c7a12a686a948bf179f8ed1f') in 0.011829 seconds
  Import took 0.015691 seconds .

========================================================================
Received Prepare
Registering precompiled user dll's ...
Registered in 0.001627 seconds.
Begin MonoManager ReloadAssembly
Native extension for WindowsStandalone target not found
Native extension for WebGL target not found
Refreshing native plugins compatible for Editor in 0.48 ms, found 0 plugins.
Preloading 0 native plugins for Editor in 0.00 ms.
Mono: successfully reloaded assembly
- Completed reload, in  0.841 seconds
Platform modules already initialized, skipping
Refreshing native plugins compatible for Editor in 0.55 ms, found 0 plugins.
Preloading 0 native plugins for Editor in 0.00 ms.
Unloading 1587 Unused Serialized files (Serialized files now loaded: 0)
System memory in use before: 157.3 MB.
System memory in use after: 155.4 MB.

Unloading 34 unused Assets to reduce memory usage. Loaded Objects now: 2081.
Total: 2.179200 ms (FindLiveObjects: 0.146000 ms CreateObjectMapping: 0.046400 ms MarkObjects: 1.397400 ms  DeleteObjects: 0.588400 ms)

AssetImportParameters requested are different than current active one (requested -> active):
  colorSpace: 1 -> 0
========================================================================
Received Prepare
Registering precompiled user dll's ...
Registered in 0.002155 seconds.
Begin MonoManager ReloadAssembly
Native extension for WindowsStandalone target not found
Native extension for WebGL target not found
Refreshing native plugins compatible for Editor in 0.48 ms, found 0 plugins.
Preloading 0 native plugins for Editor in 0.00 ms.
Mono: successfully reloaded assembly
- Completed reload, in  0.836 seconds
Platform modules already initialized, skipping
Refreshing native plugins compatible for Editor in 0.55 ms, found 0 plugins.
Preloading 0 native plugins for Editor in 0.00 ms.
Unloading 1587 Unused Serialized files (Serialized files now loaded: 0)
System memory in use before: 157.3 MB.
System memory in use after: 155.4 MB.

Unloading 34 unused Assets to reduce memory usage. Loaded Objects now: 2084.
Total: 2.307800 ms (FindLiveObjects: 0.146800 ms CreateObjectMapping: 0.046600 ms MarkObjects: 1.522000 ms  DeleteObjects: 0.591000 ms)

AssetImportParameters requested are different than current active one (requested -> active):
  colorSpace: 1 -> 0
========================================================================
Received Prepare
Registering precompiled user dll's ...
Registered in 0.001804 seconds.
Begin MonoManager ReloadAssembly
Native extension for WindowsStandalone target not found
Native extension for WebGL target not found
Refreshing native plugins compatible for Editor in 0.48 ms, found 0 plugins.
Preloading 0 native plugins for Editor in 0.00 ms.
Mono: successfully reloaded assembly
- Completed reload, in  0.821 seconds
Platform modules already initialized, skipping
Refreshing native plugins compatible for Editor in 0.48 ms, found 0 plugins.
Preloading 0 native plugins for Editor in 0.00 ms.
Unloading 1587 Unused Serialized files (Serialized files now loaded: 0)
System memory in use before: 157.3 MB.
System memory in use after: 155.4 MB.

Unloading 34 unused Assets to reduce memory usage. Loaded Objects now: 2087.
Total: 2.799400 ms (FindLiveObjects: 0.152100 ms CreateObjectMapping: 0.053500 ms MarkObjects: 1.897800 ms  DeleteObjects: 0.694900 ms)

AssetImportParameters requested are different than current active one (requested -> active):
  colorSpace: 1 -> 0
========================================================================
Received Import Request.
  Time since last request: 554.809352 seconds.
  path: Assets/AdditionalAssets/2D/Sprites/Fire_Spritesheet.png
  artifactKey: Guid(5167829e0dedb4a18bc57638254b565d) Importer(815301076,1909f56bfc062723c751e8b465ee728b)
Start importing Assets/AdditionalAssets/2D/Sprites/Fire_Spritesheet.png using Guid(5167829e0dedb4a18bc57638254b565d) Importer(815301076,1909f56bfc062723c751e8b465ee728b)  -> (artifact id: '3a8a84fdb43a8b5fabdea01ceea3446c') in 0.187128 seconds
  Import took 0.192727 seconds .

========================================================================
Received Prepare
Registering precompiled user dll's ...
Registered in 0.001733 seconds.
Begin MonoManager ReloadAssembly
Native extension for WindowsStandalone target not found
Native extension for WebGL target not found
Refreshing native plugins compatible for Editor in 0.54 ms, found 0 plugins.
Preloading 0 native plugins for Editor in 0.00 ms.
Mono: successfully reloaded assembly
- Completed reload, in  0.836 seconds
Platform modules already initialized, skipping
Refreshing native plugins compatible for Editor in 1.88 ms, found 0 plugins.
Preloading 0 native plugins for Editor in 0.00 ms.
Unloading 1587 Unused Serialized files (Serialized files now loaded: 0)
System memory in use before: 157.4 MB.
System memory in use after: 155.4 MB.

Unloading 34 unused Assets to reduce memory usage. Loaded Objects now: 2103.
Total: 2.391200 ms (FindLiveObjects: 0.141800 ms CreateObjectMapping: 0.044900 ms MarkObjects: 1.569000 ms  DeleteObjects: 0.634900 ms)

AssetImportParameters requested are different than current active one (requested -> active):
  colorSpace: 1 -> 0
========================================================================
Received Prepare
Registering precompiled user dll's ...
Registered in 0.002334 seconds.
Begin MonoManager ReloadAssembly
Native extension for WindowsStandalone target not found
Native extension for WebGL target not found
Refreshing native plugins compatible for Editor in 0.60 ms, found 0 plugins.
Preloading 0 native plugins for Editor in 0.00 ms.
Mono: successfully reloaded assembly
- Completed reload, in  0.876 seconds
Platform modules already initialized, skipping
Refreshing native plugins compatible for Editor in 0.66 ms, found 0 plugins.
Preloading 0 native plugins for Editor in 0.00 ms.
Unloading 1587 Unused Serialized files (Serialized files now loaded: 0)
System memory in use before: 157.4 MB.
System memory in use after: 155.4 MB.

Unloading 34 unused Assets to reduce memory usage. Loaded Objects now: 2106.
Total: 2.325500 ms (FindLiveObjects: 0.167100 ms CreateObjectMapping: 0.053000 ms MarkObjects: 1.372000 ms  DeleteObjects: 0.731700 ms)

AssetImportParameters requested are different than current active one (requested -> active):
  colorSpace: 1 -> 0
========================================================================
Received Prepare
Registering precompiled user dll's ...
Registered in 0.001529 seconds.
Begin MonoManager ReloadAssembly
Native extension for WindowsStandalone target not found
Native extension for WebGL target not found
Refreshing native plugins compatible for Editor in 0.52 ms, found 0 plugins.
Preloading 0 native plugins for Editor in 0.00 ms.
Mono: successfully reloaded assembly
- Completed reload, in  0.782 seconds
Platform modules already initialized, skipping
Refreshing native plugins compatible for Editor in 0.48 ms, found 0 plugins.
Preloading 0 native plugins for Editor in 0.00 ms.
Unloading 1587 Unused Serialized files (Serialized files now loaded: 0)
System memory in use before: 156.9 MB.
System memory in use after: 155.0 MB.

Unloading 34 unused Assets to reduce memory usage. Loaded Objects now: 2109.
Total: 2.485200 ms (FindLiveObjects: 0.184200 ms CreateObjectMapping: 0.060300 ms MarkObjects: 1.594900 ms  DeleteObjects: 0.644400 ms)

========================================================================
Received Prepare
Registering precompiled user dll's ...
Registered in 0.002039 seconds.
Begin MonoManager ReloadAssembly
Native extension for WindowsStandalone target not found
Native extension for WebGL target not found
Refreshing native plugins compatible for Editor in 0.50 ms, found 0 plugins.
Preloading 0 native plugins for Editor in 0.00 ms.
Mono: successfully reloaded assembly
- Completed reload, in  0.816 seconds
Platform modules already initialized, skipping
Refreshing native plugins compatible for Editor in 0.49 ms, found 0 plugins.
Preloading 0 native plugins for Editor in 0.00 ms.
Unloading 1587 Unused Serialized files (Serialized files now loaded: 0)
System memory in use before: 156.9 MB.
System memory in use after: 155.0 MB.

Unloading 34 unused Assets to reduce memory usage. Loaded Objects now: 2112.
Total: 2.194800 ms (FindLiveObjects: 0.146000 ms CreateObjectMapping: 0.047000 ms MarkObjects: 1.415100 ms  DeleteObjects: 0.585600 ms)

========================================================================
Received Prepare
Registering precompiled user dll's ...
Registered in 0.001747 seconds.
Begin MonoManager ReloadAssembly
Native extension for WindowsStandalone target not found
Native extension for WebGL target not found
Refreshing native plugins compatible for Editor in 0.82 ms, found 0 plugins.
Preloading 0 native plugins for Editor in 0.00 ms.
Mono: successfully reloaded assembly
- Completed reload, in  0.780 seconds
Platform modules already initialized, skipping
Refreshing native plugins compatible for Editor in 0.50 ms, found 0 plugins.
Preloading 0 native plugins for Editor in 0.00 ms.
Unloading 1587 Unused Serialized files (Serialized files now loaded: 0)
System memory in use before: 157.0 MB.
System memory in use after: 155.0 MB.

Unloading 34 unused Assets to reduce memory usage. Loaded Objects now: 2115.
Total: 2.395800 ms (FindLiveObjects: 0.165900 ms CreateObjectMapping: 0.055300 ms MarkObjects: 1.585400 ms  DeleteObjects: 0.588000 ms)

========================================================================
Received Prepare
Registering precompiled user dll's ...
Registered in 0.001729 seconds.
Begin MonoManager ReloadAssembly
Native extension for WindowsStandalone target not found
Native extension for WebGL target not found
Refreshing native plugins compatible for Editor in 0.48 ms, found 0 plugins.
Preloading 0 native plugins for Editor in 0.00 ms.
Mono: successfully reloaded assembly
- Completed reload, in  0.795 seconds
Platform modules already initialized, skipping
Refreshing native plugins compatible for Editor in 0.47 ms, found 0 plugins.
Preloading 0 native plugins for Editor in 0.00 ms.
Unloading 1587 Unused Serialized files (Serialized files now loaded: 0)
System memory in use before: 157.0 MB.
System memory in use after: 155.0 MB.

Unloading 34 unused Assets to reduce memory usage. Loaded Objects now: 2118.
Total: 2.390600 ms (FindLiveObjects: 0.179900 ms CreateObjectMapping: 0.066300 ms MarkObjects: 1.557600 ms  DeleteObjects: 0.585400 ms)

========================================================================
Received Prepare
Registering precompiled user dll's ...
Registered in 0.002465 seconds.
Begin MonoManager ReloadAssembly
Native extension for WindowsStandalone target not found
Native extension for WebGL target not found
Refreshing native plugins compatible for Editor in 0.47 ms, found 0 plugins.
Preloading 0 native plugins for Editor in 0.00 ms.
Mono: successfully reloaded assembly
- Completed reload, in  0.789 seconds
Platform modules already initialized, skipping
Refreshing native plugins compatible for Editor in 0.47 ms, found 0 plugins.
Preloading 0 native plugins for Editor in 0.00 ms.
Unloading 1587 Unused Serialized files (Serialized files now loaded: 0)
System memory in use before: 157.0 MB.
System memory in use after: 155.0 MB.

Unloading 34 unused Assets to reduce memory usage. Loaded Objects now: 2121.
Total: 3.028600 ms (FindLiveObjects: 0.154000 ms CreateObjectMapping: 0.051600 ms MarkObjects: 2.170500 ms  DeleteObjects: 0.651600 ms)

========================================================================
Received Import Request.
  Time since last request: 1225.184734 seconds.
  path: Assets/Prefabs/Power_Up/Power_Up Variant 1.prefab
  artifactKey: Guid(403afd46032f59448b28f4c844e444e6) Importer(815301076,1909f56bfc062723c751e8b465ee728b)
Start importing Assets/Prefabs/Power_Up/Power_Up Variant 1.prefab using Guid(403afd46032f59448b28f4c844e444e6) Importer(815301076,1909f56bfc062723c751e8b465ee728b)  -> (artifact id: '785daf7ea4843548eac656871fe8dbc3') in 0.063256 seconds
  Import took 0.066502 seconds .

========================================================================
Received Import Request.
  Time since last request: 0.005832 seconds.
  path: Assets/Prefabs/Power_Up/Power_Up Variant 1.prefab
  artifactKey: Guid(403afd46032f59448b28f4c844e444e6) Importer(815301076,1909f56bfc062723c751e8b465ee728b)
Start importing Assets/Prefabs/Power_Up/Power_Up Variant 1.prefab using Guid(403afd46032f59448b28f4c844e444e6) Importer(815301076,1909f56bfc062723c751e8b465ee728b)  -> (artifact id: '785daf7ea4843548eac656871fe8dbc3') in 0.034368 seconds
  Import took 0.037077 seconds .

========================================================================
Received Import Request.
  Time since last request: 1.860353 seconds.
  path: Assets/Prefabs/Power_Up/Power_Up Variant 2.prefab
  artifactKey: Guid(d2bc2de1e5def0e4eb4c6c38972fc516) Importer(815301076,1909f56bfc062723c751e8b465ee728b)
Start importing Assets/Prefabs/Power_Up/Power_Up Variant 2.prefab using Guid(d2bc2de1e5def0e4eb4c6c38972fc516) Importer(815301076,1909f56bfc062723c751e8b465ee728b)  -> (artifact id: '286f315edc95f02825c93d0ffceb867b') in 0.013293 seconds
  Import took 0.017703 seconds .

========================================================================
Received Import Request.
  Time since last request: 3.554216 seconds.
  path: Assets/Prefabs/Power_Up/Power_Up Variant.prefab
  artifactKey: Guid(06391fa6b96974b449bba77671fb7fcd) Importer(815301076,1909f56bfc062723c751e8b465ee728b)
Start importing Assets/Prefabs/Power_Up/Power_Up Variant.prefab using Guid(06391fa6b96974b449bba77671fb7fcd) Importer(815301076,1909f56bfc062723c751e8b465ee728b)  -> (artifact id: '6ceee340c76c9062ce07d714ebdae4ba') in 0.027911 seconds
  Import took 0.030589 seconds .

========================================================================
Received Import Request.
  Time since last request: 3.110518 seconds.
  path: Assets/Prefabs/Power_Up/Power_Up.prefab
  artifactKey: Guid(bf37cda97ddb64af990698ac79b80519) Importer(815301076,1909f56bfc062723c751e8b465ee728b)
Start importing Assets/Prefabs/Power_Up/Power_Up.prefab using Guid(bf37cda97ddb64af990698ac79b80519) Importer(815301076,1909f56bfc062723c751e8b465ee728b)  -> (artifact id: '7c203981d1e33724ee8b4df9068573b7') in 0.018981 seconds
  Import took 0.023005 seconds .

========================================================================
Received Prepare
Registering precompiled user dll's ...
Registered in 0.001559 seconds.
Begin MonoManager ReloadAssembly
Native extension for WindowsStandalone target not found
Native extension for WebGL target not found
Refreshing native plugins compatible for Editor in 0.52 ms, found 0 plugins.
Preloading 0 native plugins for Editor in 0.00 ms.
Mono: successfully reloaded assembly
- Completed reload, in  0.777 seconds
Platform modules already initialized, skipping
Refreshing native plugins compatible for Editor in 0.59 ms, found 0 plugins.
Preloading 0 native plugins for Editor in 0.00 ms.
Unloading 1587 Unused Serialized files (Serialized files now loaded: 0)
System memory in use before: 157.0 MB.
System memory in use after: 155.0 MB.

Unloading 34 unused Assets to reduce memory usage. Loaded Objects now: 2125.
Total: 2.562800 ms (FindLiveObjects: 0.170100 ms CreateObjectMapping: 0.050800 ms MarkObjects: 1.684700 ms  DeleteObjects: 0.655200 ms)

========================================================================
Received Prepare
Registering precompiled user dll's ...
Registered in 0.001764 seconds.
Begin MonoManager ReloadAssembly
Native extension for WindowsStandalone target not found
Native extension for WebGL target not found
Refreshing native plugins compatible for Editor in 0.47 ms, found 0 plugins.
Preloading 0 native plugins for Editor in 0.00 ms.
Mono: successfully reloaded assembly
- Completed reload, in  0.757 seconds
Platform modules already initialized, skipping
Refreshing native plugins compatible for Editor in 0.53 ms, found 0 plugins.
Preloading 0 native plugins for Editor in 0.00 ms.
Unloading 1587 Unused Serialized files (Serialized files now loaded: 0)
System memory in use before: 157.0 MB.
System memory in use after: 155.0 MB.

Unloading 34 unused Assets to reduce memory usage. Loaded Objects now: 2128.
Total: 2.323000 ms (FindLiveObjects: 0.161200 ms CreateObjectMapping: 0.055800 ms MarkObjects: 1.480100 ms  DeleteObjects: 0.625000 ms)

========================================================================
Received Import Request.
  Time since last request: 830.265109 seconds.
  path: Assets/Scripts/Menu
  artifactKey: Guid(a0fe3690f68c4d3499fc2f78225f3221) Importer(815301076,1909f56bfc062723c751e8b465ee728b)
Start importing Assets/Scripts/Menu using Guid(a0fe3690f68c4d3499fc2f78225f3221) Importer(815301076,1909f56bfc062723c751e8b465ee728b)  -> (artifact id: 'b30423295d014387824d1eb099cc0be7') in 0.010681 seconds
  Import took 0.014308 seconds .

========================================================================
Received Import Request.
  Time since last request: 12.436076 seconds.
  path: Assets/Scripts/Menu/MainMenu.cs
  artifactKey: Guid(f64a15fdabab47f4fa3f41fff24f54de) Importer(815301076,1909f56bfc062723c751e8b465ee728b)
Start importing Assets/Scripts/Menu/MainMenu.cs using Guid(f64a15fdabab47f4fa3f41fff24f54de) Importer(815301076,1909f56bfc062723c751e8b465ee728b)  -> (artifact id: '05ff6264d1a537295e6cc0cf75138a1b') in 0.022002 seconds
  Import took 0.024574 seconds .

========================================================================
Received Prepare
Registering precompiled user dll's ...
Registered in 0.001585 seconds.
Begin MonoManager ReloadAssembly
Native extension for WindowsStandalone target not found
Native extension for WebGL target not found
Refreshing native plugins compatible for Editor in 0.65 ms, found 0 plugins.
Preloading 0 native plugins for Editor in 0.00 ms.
Mono: successfully reloaded assembly
- Completed reload, in  1.229 seconds
Platform modules already initialized, skipping
Refreshing native plugins compatible for Editor in 0.47 ms, found 0 plugins.
Preloading 0 native plugins for Editor in 0.00 ms.
Unloading 1588 Unused Serialized files (Serialized files now loaded: 0)
System memory in use before: 157.0 MB.
System memory in use after: 155.1 MB.

Unloading 34 unused Assets to reduce memory usage. Loaded Objects now: 2132.
Total: 2.504300 ms (FindLiveObjects: 0.164800 ms CreateObjectMapping: 0.052600 ms MarkObjects: 1.653400 ms  DeleteObjects: 0.632200 ms)

========================================================================
Received Prepare
Registering precompiled user dll's ...
Registered in 0.001720 seconds.
Begin MonoManager ReloadAssembly
Native extension for WindowsStandalone target not found
Native extension for WebGL target not found
Refreshing native plugins compatible for Editor in 0.58 ms, found 0 plugins.
Preloading 0 native plugins for Editor in 0.00 ms.
Mono: successfully reloaded assembly
- Completed reload, in  0.813 seconds
Platform modules already initialized, skipping
Refreshing native plugins compatible for Editor in 0.47 ms, found 0 plugins.
Preloading 0 native plugins for Editor in 0.00 ms.
Unloading 1588 Unused Serialized files (Serialized files now loaded: 0)
System memory in use before: 157.0 MB.
System memory in use after: 155.1 MB.

Unloading 34 unused Assets to reduce memory usage. Loaded Objects now: 2135.
Total: 3.834400 ms (FindLiveObjects: 0.166000 ms CreateObjectMapping: 0.052000 ms MarkObjects: 2.998200 ms  DeleteObjects: 0.616100 ms)

========================================================================
Received Import Request.
  Time since last request: 221.057493 seconds.
  path: Assets/Scripts/Menu/MainMenu.cs
  artifactKey: Guid(f64a15fdabab47f4fa3f41fff24f54de) Importer(815301076,1909f56bfc062723c751e8b465ee728b)
Start importing Assets/Scripts/Menu/MainMenu.cs using Guid(f64a15fdabab47f4fa3f41fff24f54de) Importer(815301076,1909f56bfc062723c751e8b465ee728b)  -> (artifact id: 'ab16933e6e7a6afeeb88b8531c551a00') in 0.005636 seconds
  Import took 0.008205 seconds .

========================================================================
Received Import Request.
  Time since last request: 29.623330 seconds.
  path: Assets/SCI-FI UI Pack Pro/SCI-FI UI Pack_V1 Pro/Resources_V1 Pro/Prefabs/15Settings_V1.prefab
  artifactKey: Guid(a973a9166d2f6224296cde47058cbcaa) Importer(815301076,1909f56bfc062723c751e8b465ee728b)
Start importing Assets/SCI-FI UI Pack Pro/SCI-FI UI Pack_V1 Pro/Resources_V1 Pro/Prefabs/15Settings_V1.prefab using Guid(a973a9166d2f6224296cde47058cbcaa) Importer(815301076,1909f56bfc062723c751e8b465ee728b)  -> (artifact id: '35751ea15518b02f13d2778805c4c314') in 0.073804 seconds
  Import took 0.077257 seconds .

========================================================================
Received Import Request.
  Time since last request: 0.013374 seconds.
  path: Assets/SCI-FI UI Pack Pro/SCI-FI UI Pack_V1 Pro/Resources_V1 Pro/Prefabs/15Settings_V1.prefab
  artifactKey: Guid(a973a9166d2f6224296cde47058cbcaa) Importer(815301076,1909f56bfc062723c751e8b465ee728b)
Start importing Assets/SCI-FI UI Pack Pro/SCI-FI UI Pack_V1 Pro/Resources_V1 Pro/Prefabs/15Settings_V1.prefab using Guid(a973a9166d2f6224296cde47058cbcaa) Importer(815301076,1909f56bfc062723c751e8b465ee728b)  -> (artifact id: '35751ea15518b02f13d2778805c4c314') in 0.019239 seconds
  Import took 0.022451 seconds .

========================================================================
Received Import Request.
  Time since last request: 360.664700 seconds.
  path: Assets/MasterVolume.mixer
  artifactKey: Guid(9e58132d50ebb44459d510596b182b43) Importer(815301076,1909f56bfc062723c751e8b465ee728b)
Start importing Assets/MasterVolume.mixer using Guid(9e58132d50ebb44459d510596b182b43) Importer(815301076,1909f56bfc062723c751e8b465ee728b)  -> (artifact id: '0bbfbf8b48f07a696455ed6bea631911') in 0.015970 seconds
  Import took 0.021167 seconds .

========================================================================
Received Import Request.
  Time since last request: 133.495356 seconds.
  path: Assets/Scripts/Menu/SetVolume.cs
  artifactKey: Guid(344ee69ce9790be44be7e44b416a6251) Importer(815301076,1909f56bfc062723c751e8b465ee728b)
Start importing Assets/Scripts/Menu/SetVolume.cs using Guid(344ee69ce9790be44be7e44b416a6251) Importer(815301076,1909f56bfc062723c751e8b465ee728b)  -> (artifact id: '0c460b6f0712bb4b8a2ad3aa85aff651') in 0.010110 seconds
  Import took 0.014856 seconds .

========================================================================
Received Prepare
Registering precompiled user dll's ...
Registered in 0.001678 seconds.
Begin MonoManager ReloadAssembly
Native extension for WindowsStandalone target not found
Native extension for WebGL target not found
Refreshing native plugins compatible for Editor in 0.48 ms, found 0 plugins.
Preloading 0 native plugins for Editor in 0.00 ms.
Mono: successfully reloaded assembly
- Completed reload, in  0.823 seconds
Platform modules already initialized, skipping
Refreshing native plugins compatible for Editor in 0.48 ms, found 0 plugins.
Preloading 0 native plugins for Editor in 0.00 ms.
Unloading 1589 Unused Serialized files (Serialized files now loaded: 0)
System memory in use before: 157.2 MB.
System memory in use after: 155.2 MB.

Unloading 38 unused Assets to reduce memory usage. Loaded Objects now: 2141.
Total: 2.360100 ms (FindLiveObjects: 0.151900 ms CreateObjectMapping: 0.048600 ms MarkObjects: 1.538200 ms  DeleteObjects: 0.620500 ms)

========================================================================
Received Prepare
Registering precompiled user dll's ...
Registered in 0.001698 seconds.
Begin MonoManager ReloadAssembly
Native extension for WindowsStandalone target not found
Native extension for WebGL target not found
Refreshing native plugins compatible for Editor in 0.48 ms, found 0 plugins.
Preloading 0 native plugins for Editor in 0.00 ms.
Mono: successfully reloaded assembly
- Completed reload, in  0.807 seconds
Platform modules already initialized, skipping
Refreshing native plugins compatible for Editor in 0.47 ms, found 0 plugins.
Preloading 0 native plugins for Editor in 0.00 ms.
Unloading 1589 Unused Serialized files (Serialized files now loaded: 0)
System memory in use before: 157.2 MB.
System memory in use after: 155.3 MB.

Unloading 34 unused Assets to reduce memory usage. Loaded Objects now: 2144.
Total: 2.223000 ms (FindLiveObjects: 0.140500 ms CreateObjectMapping: 0.040200 ms MarkObjects: 1.452400 ms  DeleteObjects: 0.589200 ms)

========================================================================
Received Prepare
Registering precompiled user dll's ...
Registered in 0.001610 seconds.
Begin MonoManager ReloadAssembly
Native extension for WindowsStandalone target not found
Native extension for WebGL target not found
Refreshing native plugins compatible for Editor in 0.54 ms, found 0 plugins.
Preloading 0 native plugins for Editor in 0.00 ms.
Mono: successfully reloaded assembly
- Completed reload, in  0.815 seconds
Platform modules already initialized, skipping
Refreshing native plugins compatible for Editor in 0.46 ms, found 0 plugins.
Preloading 0 native plugins for Editor in 0.00 ms.
Unloading 1589 Unused Serialized files (Serialized files now loaded: 0)
System memory in use before: 157.2 MB.
System memory in use after: 155.3 MB.

Unloading 34 unused Assets to reduce memory usage. Loaded Objects now: 2147.
Total: 2.428200 ms (FindLiveObjects: 0.147700 ms CreateObjectMapping: 0.042900 ms MarkObjects: 1.647200 ms  DeleteObjects: 0.589400 ms)

========================================================================
Received Prepare
Registering precompiled user dll's ...
Registered in 0.001567 seconds.
Begin MonoManager ReloadAssembly
Native extension for WindowsStandalone target not found
Native extension for WebGL target not found
Refreshing native plugins compatible for Editor in 0.49 ms, found 0 plugins.
Preloading 0 native plugins for Editor in 0.00 ms.
Mono: successfully reloaded assembly
- Completed reload, in  0.789 seconds
Platform modules already initialized, skipping
Refreshing native plugins compatible for Editor in 0.47 ms, found 0 plugins.
Preloading 0 native plugins for Editor in 0.00 ms.
Unloading 1589 Unused Serialized files (Serialized files now loaded: 0)
System memory in use before: 157.2 MB.
System memory in use after: 155.2 MB.

Unloading 34 unused Assets to reduce memory usage. Loaded Objects now: 2150.
Total: 2.972000 ms (FindLiveObjects: 0.309000 ms CreateObjectMapping: 0.431000 ms MarkObjects: 1.640300 ms  DeleteObjects: 0.590000 ms)

========================================================================
Received Prepare
Registering precompiled user dll's ...
Registered in 0.002665 seconds.
Begin MonoManager ReloadAssembly
Native extension for WindowsStandalone target not found
Native extension for WebGL target not found
Refreshing native plugins compatible for Editor in 0.53 ms, found 0 plugins.
Preloading 0 native plugins for Editor in 0.00 ms.
Mono: successfully reloaded assembly
- Completed reload, in  0.750 seconds
Platform modules already initialized, skipping
Refreshing native plugins compatible for Editor in 0.57 ms, found 0 plugins.
Preloading 0 native plugins for Editor in 0.00 ms.
Unloading 1589 Unused Serialized files (Serialized files now loaded: 0)
System memory in use before: 157.2 MB.
System memory in use after: 155.2 MB.

Unloading 34 unused Assets to reduce memory usage. Loaded Objects now: 2153.
Total: 2.394900 ms (FindLiveObjects: 0.149900 ms CreateObjectMapping: 0.046300 ms MarkObjects: 1.612900 ms  DeleteObjects: 0.584800 ms)

========================================================================
Received Import Request.
  Time since last request: 535.835862 seconds.
  path: Assets/MasterVolume.mixer
  artifactKey: Guid(9e58132d50ebb44459d510596b182b43) Importer(815301076,1909f56bfc062723c751e8b465ee728b)
Start importing Assets/MasterVolume.mixer using Guid(9e58132d50ebb44459d510596b182b43) Importer(815301076,1909f56bfc062723c751e8b465ee728b)  -> (artifact id: 'ea79dab403447a6f129aeaafa7e22d2a') in 0.014772 seconds
  Import took 0.018329 seconds .

========================================================================
Received Prepare
Registering precompiled user dll's ...
Registered in 0.001759 seconds.
Begin MonoManager ReloadAssembly
Native extension for WindowsStandalone target not found
Native extension for WebGL target not found
Refreshing native plugins compatible for Editor in 0.48 ms, found 0 plugins.
Preloading 0 native plugins for Editor in 0.00 ms.
Mono: successfully reloaded assembly
- Completed reload, in  0.826 seconds
Platform modules already initialized, skipping
Refreshing native plugins compatible for Editor in 0.47 ms, found 0 plugins.
Preloading 0 native plugins for Editor in 0.00 ms.
Unloading 1589 Unused Serialized files (Serialized files now loaded: 0)
System memory in use before: 157.2 MB.
System memory in use after: 155.3 MB.

Unloading 34 unused Assets to reduce memory usage. Loaded Objects now: 2156.
Total: 2.410100 ms (FindLiveObjects: 0.163600 ms CreateObjectMapping: 0.054300 ms MarkObjects: 1.607600 ms  DeleteObjects: 0.583800 ms)

========================================================================
Received Prepare
Registering precompiled user dll's ...
Registered in 0.001808 seconds.
Begin MonoManager ReloadAssembly
Native extension for WindowsStandalone target not found
Native extension for WebGL target not found
Refreshing native plugins compatible for Editor in 0.72 ms, found 0 plugins.
Preloading 0 native plugins for Editor in 0.00 ms.
Mono: successfully reloaded assembly
- Completed reload, in  0.788 seconds
Platform modules already initialized, skipping
Refreshing native plugins compatible for Editor in 0.55 ms, found 0 plugins.
Preloading 0 native plugins for Editor in 0.00 ms.
Unloading 1589 Unused Serialized files (Serialized files now loaded: 0)
System memory in use before: 157.2 MB.
System memory in use after: 155.3 MB.

Unloading 34 unused Assets to reduce memory usage. Loaded Objects now: 2159.
Total: 2.239000 ms (FindLiveObjects: 0.153000 ms CreateObjectMapping: 0.049600 ms MarkObjects: 1.451300 ms  DeleteObjects: 0.584100 ms)

========================================================================
Received Prepare
Registering precompiled user dll's ...
Registered in 0.002586 seconds.
Begin MonoManager ReloadAssembly
Native extension for WindowsStandalone target not found
Native extension for WebGL target not found
Refreshing native plugins compatible for Editor in 0.64 ms, found 0 plugins.
Preloading 0 native plugins for Editor in 0.00 ms.
Mono: successfully reloaded assembly
- Completed reload, in  0.788 seconds
Platform modules already initialized, skipping
Refreshing native plugins compatible for Editor in 0.48 ms, found 0 plugins.
Preloading 0 native plugins for Editor in 0.00 ms.
Unloading 1589 Unused Serialized files (Serialized files now loaded: 0)
System memory in use before: 157.3 MB.
System memory in use after: 155.3 MB.

Unloading 34 unused Assets to reduce memory usage. Loaded Objects now: 2162.
Total: 2.565200 ms (FindLiveObjects: 0.161700 ms CreateObjectMapping: 0.053700 ms MarkObjects: 1.748600 ms  DeleteObjects: 0.599800 ms)

========================================================================
Received Import Request.
  Time since last request: 621.045599 seconds.
  path: Assets/MasterVolume.mixer
  artifactKey: Guid(9e58132d50ebb44459d510596b182b43) Importer(815301076,1909f56bfc062723c751e8b465ee728b)
Start importing Assets/MasterVolume.mixer using Guid(9e58132d50ebb44459d510596b182b43) Importer(815301076,1909f56bfc062723c751e8b465ee728b)  -> (artifact id: 'a68666d4a9e34db153db29e11d3f0d5e') in 0.011411 seconds
  Import took 0.014235 seconds .

========================================================================
Received Import Request.
  Time since last request: 0.020324 seconds.
  path: Assets/MasterVolume.mixer
  artifactKey: Guid(9e58132d50ebb44459d510596b182b43) Importer(815301076,1909f56bfc062723c751e8b465ee728b)
Start importing Assets/MasterVolume.mixer using Guid(9e58132d50ebb44459d510596b182b43) Importer(815301076,1909f56bfc062723c751e8b465ee728b)  -> (artifact id: 'a68666d4a9e34db153db29e11d3f0d5e') in 0.003830 seconds
  Import took 0.006541 seconds .

========================================================================
Received Prepare
Registering precompiled user dll's ...
Registered in 0.002818 seconds.
Begin MonoManager ReloadAssembly
Native extension for WindowsStandalone target not found
Native extension for WebGL target not found
Refreshing native plugins compatible for Editor in 0.49 ms, found 0 plugins.
Preloading 0 native plugins for Editor in 0.00 ms.
Mono: successfully reloaded assembly
- Completed reload, in  0.802 seconds
Platform modules already initialized, skipping
Refreshing native plugins compatible for Editor in 0.48 ms, found 0 plugins.
Preloading 0 native plugins for Editor in 0.00 ms.
Unloading 1589 Unused Serialized files (Serialized files now loaded: 0)
System memory in use before: 157.3 MB.
System memory in use after: 155.3 MB.

Unloading 34 unused Assets to reduce memory usage. Loaded Objects now: 2165.
Total: 2.779500 ms (FindLiveObjects: 0.170300 ms CreateObjectMapping: 0.055700 ms MarkObjects: 1.940600 ms  DeleteObjects: 0.611800 ms)

========================================================================
Received Prepare
Registering precompiled user dll's ...
Registered in 0.002690 seconds.
Begin MonoManager ReloadAssembly
Native extension for WindowsStandalone target not found
Native extension for WebGL target not found
Refreshing native plugins compatible for Editor in 0.57 ms, found 0 plugins.
Preloading 0 native plugins for Editor in 0.00 ms.
Mono: successfully reloaded assembly
- Completed reload, in  0.833 seconds
Platform modules already initialized, skipping
Refreshing native plugins compatible for Editor in 0.63 ms, found 0 plugins.
Preloading 0 native plugins for Editor in 0.00 ms.
Unloading 1589 Unused Serialized files (Serialized files now loaded: 0)
System memory in use before: 157.2 MB.
System memory in use after: 155.3 MB.

Unloading 34 unused Assets to reduce memory usage. Loaded Objects now: 2168.
Total: 2.850700 ms (FindLiveObjects: 0.163800 ms CreateObjectMapping: 0.054800 ms MarkObjects: 1.875600 ms  DeleteObjects: 0.755500 ms)

========================================================================
Received Import Request.
  Time since last request: 371.332967 seconds.
  path: Assets/Scripts/Menu/SetVolume.cs
  artifactKey: Guid(344ee69ce9790be44be7e44b416a6251) Importer(815301076,1909f56bfc062723c751e8b465ee728b)
Start importing Assets/Scripts/Menu/SetVolume.cs using Guid(344ee69ce9790be44be7e44b416a6251) Importer(815301076,1909f56bfc062723c751e8b465ee728b)  -> (artifact id: '63c57f5492e0640334b17f2cd9f72877') in 0.011204 seconds
  Import took 0.014123 seconds .

========================================================================
Received Import Request.
  Time since last request: 0.006630 seconds.
  path: Assets/Scripts/Menu/SetVolume.cs
  artifactKey: Guid(344ee69ce9790be44be7e44b416a6251) Importer(815301076,1909f56bfc062723c751e8b465ee728b)
Start importing Assets/Scripts/Menu/SetVolume.cs using Guid(344ee69ce9790be44be7e44b416a6251) Importer(815301076,1909f56bfc062723c751e8b465ee728b)  -> (artifact id: '63c57f5492e0640334b17f2cd9f72877') in 0.005570 seconds
  Import took 0.008031 seconds .

========================================================================
Received Import Request.
  Time since last request: 25.964019 seconds.
  path: Assets/Scenes/Main_Game.unity
  artifactKey: Guid(58ccfb029291e478d8d21914ded9ec11) Importer(815301076,1909f56bfc062723c751e8b465ee728b)
Start importing Assets/Scenes/Main_Game.unity using Guid(58ccfb029291e478d8d21914ded9ec11) Importer(815301076,1909f56bfc062723c751e8b465ee728b)  -> (artifact id: '25f57e8254f79f929a0c01a746d5a58d') in 0.011940 seconds
  Import took 0.015327 seconds .

========================================================================
Received Import Request.
  Time since last request: 176.231773 seconds.
  path: Assets/MasterVolume.mixer
  artifactKey: Guid(9e58132d50ebb44459d510596b182b43) Importer(815301076,1909f56bfc062723c751e8b465ee728b)
Start importing Assets/MasterVolume.mixer using Guid(9e58132d50ebb44459d510596b182b43) Importer(815301076,1909f56bfc062723c751e8b465ee728b)  -> (artifact id: 'd18699996cc6fd7803fc4e5627079410') in 0.007063 seconds
  Import took 0.011001 seconds .

========================================================================
Received Import Request.
  Time since last request: 46.589522 seconds.
  path: Assets/Prefabs/Minion Variations/Minion (1) Variant.prefab
  artifactKey: Guid(2251fa39feea9e844b8233fb03def05f) Importer(815301076,1909f56bfc062723c751e8b465ee728b)
Start importing Assets/Prefabs/Minion Variations/Minion (1) Variant.prefab using Guid(2251fa39feea9e844b8233fb03def05f) Importer(815301076,1909f56bfc062723c751e8b465ee728b)  -> (artifact id: '673cf145e43fa48d32b5604a78c3e981') in 0.151063 seconds
  Import took 0.155890 seconds .

========================================================================
Received Import Request.
  Time since last request: 16.192460 seconds.
  path: Assets/Prefabs/Enemies/Minion.prefab
  artifactKey: Guid(51b0a24aca9128a4baca1695df5d1796) Importer(815301076,1909f56bfc062723c751e8b465ee728b)
Start importing Assets/Prefabs/Enemies/Minion.prefab using Guid(51b0a24aca9128a4baca1695df5d1796) Importer(815301076,1909f56bfc062723c751e8b465ee728b)  -> (artifact id: 'a81ffd3e9df7e42a364a96ee677ff9c3') in 0.073160 seconds
  Import took 0.076910 seconds .

========================================================================
Received Import Request.
  Time since last request: 2.059913 seconds.
  path: Assets/Prefabs/Enemies/Mini-Boss.prefab
  artifactKey: Guid(8128b700adacfe54883b4d38d66efdd1) Importer(815301076,1909f56bfc062723c751e8b465ee728b)
Start importing Assets/Prefabs/Enemies/Mini-Boss.prefab using Guid(8128b700adacfe54883b4d38d66efdd1) Importer(815301076,1909f56bfc062723c751e8b465ee728b)  -> (artifact id: '081026f735b2a92ff6d61a6abd038b1a') in 0.092773 seconds
  Import took 0.102902 seconds .

========================================================================
Received Import Request.
  Time since last request: 4.745980 seconds.
  path: Assets/Prefabs/Enemies/Mini-Boss.prefab
  artifactKey: Guid(8128b700adacfe54883b4d38d66efdd1) Importer(815301076,1909f56bfc062723c751e8b465ee728b)
Start importing Assets/Prefabs/Enemies/Mini-Boss.prefab using Guid(8128b700adacfe54883b4d38d66efdd1) Importer(815301076,1909f56bfc062723c751e8b465ee728b)  -> (artifact id: '26920299f5ec5a5400bb9c6be7f05aa1') in 0.084241 seconds
  Import took 0.093155 seconds .

========================================================================
Received Import Request.
  Time since last request: 2.961380 seconds.
  path: Assets/Prefabs/Enemies/BigBadBoss.prefab
  artifactKey: Guid(15b04bd5ce7642b4f927d15e1698fffc) Importer(815301076,1909f56bfc062723c751e8b465ee728b)
Start importing Assets/Prefabs/Enemies/BigBadBoss.prefab using Guid(15b04bd5ce7642b4f927d15e1698fffc) Importer(815301076,1909f56bfc062723c751e8b465ee728b)  -> (artifact id: 'bde7b2ffb14ff6d42244ffe5b06abfca') in 0.082830 seconds
  Import took 0.090070 seconds .

========================================================================
Received Import Request.
  Time since last request: 28.937667 seconds.
  path: Assets/Scenes/Menu.unity
  artifactKey: Guid(faac5a1dbd2604a9bbc7e0b094430906) Importer(815301076,1909f56bfc062723c751e8b465ee728b)
Start importing Assets/Scenes/Menu.unity using Guid(faac5a1dbd2604a9bbc7e0b094430906) Importer(815301076,1909f56bfc062723c751e8b465ee728b)  -> (artifact id: 'd4b5071f7e0885b7462f15d7ad36cb43') in 0.007861 seconds
  Import took 0.010869 seconds .

========================================================================
Received Prepare
Registering precompiled user dll's ...
Registered in 0.001553 seconds.
Begin MonoManager ReloadAssembly
Native extension for WindowsStandalone target not found
Native extension for WebGL target not found
Refreshing native plugins compatible for Editor in 0.47 ms, found 0 plugins.
Preloading 0 native plugins for Editor in 0.00 ms.
Mono: successfully reloaded assembly
- Completed reload, in  0.769 seconds
Platform modules already initialized, skipping
Refreshing native plugins compatible for Editor in 0.52 ms, found 0 plugins.
Preloading 0 native plugins for Editor in 0.00 ms.
Unloading 1589 Unused Serialized files (Serialized files now loaded: 0)
System memory in use before: 157.5 MB.
System memory in use after: 155.5 MB.

Unloading 34 unused Assets to reduce memory usage. Loaded Objects now: 2172.
Total: 2.397700 ms (FindLiveObjects: 0.150000 ms CreateObjectMapping: 0.046200 ms MarkObjects: 1.597200 ms  DeleteObjects: 0.603400 ms)

========================================================================
Received Prepare
Registering precompiled user dll's ...
Registered in 0.001755 seconds.
Begin MonoManager ReloadAssembly
Native extension for WindowsStandalone target not found
Native extension for WebGL target not found
Refreshing native plugins compatible for Editor in 0.49 ms, found 0 plugins.
Preloading 0 native plugins for Editor in 0.00 ms.
Mono: successfully reloaded assembly
- Completed reload, in  0.762 seconds
Platform modules already initialized, skipping
Refreshing native plugins compatible for Editor in 0.58 ms, found 0 plugins.
Preloading 0 native plugins for Editor in 0.00 ms.
Unloading 1589 Unused Serialized files (Serialized files now loaded: 0)
System memory in use before: 157.5 MB.
System memory in use after: 155.5 MB.

Unloading 34 unused Assets to reduce memory usage. Loaded Objects now: 2175.
Total: 2.568700 ms (FindLiveObjects: 0.170900 ms CreateObjectMapping: 0.054500 ms MarkObjects: 1.745300 ms  DeleteObjects: 0.596500 ms)

========================================================================
Received Prepare
Registering precompiled user dll's ...
Registered in 0.001652 seconds.
Begin MonoManager ReloadAssembly
Native extension for WindowsStandalone target not found
Native extension for WebGL target not found
Refreshing native plugins compatible for Editor in 0.48 ms, found 0 plugins.
Preloading 0 native plugins for Editor in 0.00 ms.
Mono: successfully reloaded assembly
- Completed reload, in  0.759 seconds
Platform modules already initialized, skipping
Refreshing native plugins compatible for Editor in 0.50 ms, found 0 plugins.
Preloading 0 native plugins for Editor in 0.00 ms.
Unloading 1589 Unused Serialized files (Serialized files now loaded: 0)
System memory in use before: 157.5 MB.
System memory in use after: 155.5 MB.

Unloading 34 unused Assets to reduce memory usage. Loaded Objects now: 2178.
Total: 2.609600 ms (FindLiveObjects: 0.192100 ms CreateObjectMapping: 0.060000 ms MarkObjects: 1.697500 ms  DeleteObjects: 0.658800 ms)

========================================================================
Received Import Request.
  Time since last request: 330.041926 seconds.
  path: Assets/Scenes/Main_Game.unity
  artifactKey: Guid(58ccfb029291e478d8d21914ded9ec11) Importer(815301076,1909f56bfc062723c751e8b465ee728b)
Start importing Assets/Scenes/Main_Game.unity using Guid(58ccfb029291e478d8d21914ded9ec11) Importer(815301076,1909f56bfc062723c751e8b465ee728b)  -> (artifact id: 'd5417c95c0236a1e8ddffafd8aeb876d') in 0.012967 seconds
  Import took 0.015772 seconds .

========================================================================
Received Prepare
Registering precompiled user dll's ...
Registered in 0.002121 seconds.
Begin MonoManager ReloadAssembly
Native extension for WindowsStandalone target not found
Native extension for WebGL target not found
Refreshing native plugins compatible for Editor in 0.50 ms, found 0 plugins.
Preloading 0 native plugins for Editor in 0.00 ms.
Mono: successfully reloaded assembly
- Completed reload, in  0.882 seconds
Platform modules already initialized, skipping
Refreshing native plugins compatible for Editor in 0.48 ms, found 0 plugins.
Preloading 0 native plugins for Editor in 0.00 ms.
Unloading 1589 Unused Serialized files (Serialized files now loaded: 0)
System memory in use before: 157.5 MB.
System memory in use after: 155.6 MB.

Unloading 34 unused Assets to reduce memory usage. Loaded Objects now: 2181.
Total: 2.280000 ms (FindLiveObjects: 0.146500 ms CreateObjectMapping: 0.043900 ms MarkObjects: 1.464100 ms  DeleteObjects: 0.624900 ms)

========================================================================
Received Prepare
Registering precompiled user dll's ...
Registered in 0.003445 seconds.
Begin MonoManager ReloadAssembly
Native extension for WindowsStandalone target not found
Native extension for WebGL target not found
Refreshing native plugins compatible for Editor in 0.49 ms, found 0 plugins.
Preloading 0 native plugins for Editor in 0.00 ms.
Mono: successfully reloaded assembly
- Completed reload, in  0.774 seconds
Platform modules already initialized, skipping
Refreshing native plugins compatible for Editor in 0.47 ms, found 0 plugins.
Preloading 0 native plugins for Editor in 0.00 ms.
Unloading 1589 Unused Serialized files (Serialized files now loaded: 0)
System memory in use before: 157.5 MB.
System memory in use after: 155.6 MB.

Unloading 34 unused Assets to reduce memory usage. Loaded Objects now: 2184.
Total: 2.536700 ms (FindLiveObjects: 0.160900 ms CreateObjectMapping: 0.051100 ms MarkObjects: 1.719900 ms  DeleteObjects: 0.603400 ms)

AssetImportWorkerClient::OnTransportError - code=2 error=End of file
